<?xml version="1.0" encoding="UTF-8"?>
<testsuite name="com.expenseManager.ExpenseManagerAPI.ExpenseManagerApiApplicationTests" tests="1" skipped="0" failures="0" errors="0" timestamp="2019-07-18T05:19:32" hostname="sureshs-mbp.sst.local" time="0.2">
  <properties/>
  <testcase name="contextLoads" classname="com.expenseManager.ExpenseManagerAPI.ExpenseManagerApiApplicationTests" time="0.2"/>
  <system-out><![CDATA[10:49:30.065 [Test worker] DEBUG org.springframework.test.context.junit4.SpringJUnit4ClassRunner - SpringJUnit4ClassRunner constructor called with [class com.expenseManager.ExpenseManagerAPI.ExpenseManagerApiApplicationTests]
10:49:30.073 [Test worker] DEBUG org.springframework.test.context.BootstrapUtils - Instantiating CacheAwareContextLoaderDelegate from class [org.springframework.test.context.cache.DefaultCacheAwareContextLoaderDelegate]
10:49:30.080 [Test worker] DEBUG org.springframework.test.context.BootstrapUtils - Instantiating BootstrapContext using constructor [public org.springframework.test.context.support.DefaultBootstrapContext(java.lang.Class,org.springframework.test.context.CacheAwareContextLoaderDelegate)]
10:49:30.095 [Test worker] DEBUG org.springframework.test.context.BootstrapUtils - Instantiating TestContextBootstrapper for test class [com.expenseManager.ExpenseManagerAPI.ExpenseManagerApiApplicationTests] from class [org.springframework.boot.test.context.SpringBootTestContextBootstrapper]
10:49:30.106 [Test worker] INFO org.springframework.boot.test.context.SpringBootTestContextBootstrapper - Neither @ContextConfiguration nor @ContextHierarchy found for test class [com.expenseManager.ExpenseManagerAPI.ExpenseManagerApiApplicationTests], using SpringBootContextLoader
10:49:30.109 [Test worker] DEBUG org.springframework.test.context.support.AbstractContextLoader - Did not detect default resource location for test class [com.expenseManager.ExpenseManagerAPI.ExpenseManagerApiApplicationTests]: class path resource [com/expenseManager/ExpenseManagerAPI/ExpenseManagerApiApplicationTests-context.xml] does not exist
10:49:30.109 [Test worker] DEBUG org.springframework.test.context.support.AbstractContextLoader - Did not detect default resource location for test class [com.expenseManager.ExpenseManagerAPI.ExpenseManagerApiApplicationTests]: class path resource [com/expenseManager/ExpenseManagerAPI/ExpenseManagerApiApplicationTestsContext.groovy] does not exist
10:49:30.109 [Test worker] INFO org.springframework.test.context.support.AbstractContextLoader - Could not detect default resource locations for test class [com.expenseManager.ExpenseManagerAPI.ExpenseManagerApiApplicationTests]: no resource found for suffixes {-context.xml, Context.groovy}.
10:49:30.110 [Test worker] INFO org.springframework.test.context.support.AnnotationConfigContextLoaderUtils - Could not detect default configuration classes for test class [com.expenseManager.ExpenseManagerAPI.ExpenseManagerApiApplicationTests]: ExpenseManagerApiApplicationTests does not declare any static, non-private, non-final, nested classes annotated with @Configuration.
10:49:30.148 [Test worker] DEBUG org.springframework.test.context.support.ActiveProfilesUtils - Could not find an 'annotation declaring class' for annotation type [org.springframework.test.context.ActiveProfiles] and class [com.expenseManager.ExpenseManagerAPI.ExpenseManagerApiApplicationTests]
10:49:30.208 [Test worker] DEBUG org.springframework.context.annotation.ClassPathScanningCandidateComponentProvider - Identified candidate component class: file [/Users/suresh/GitHub/ExpenseManagerAPI/build/classes/java/main/com/expenseManager/ExpenseManagerAPI/ExpenseManagerApiApplication.class]
10:49:30.212 [Test worker] INFO org.springframework.boot.test.context.SpringBootTestContextBootstrapper - Found @SpringBootConfiguration com.expenseManager.ExpenseManagerAPI.ExpenseManagerApiApplication for test class com.expenseManager.ExpenseManagerAPI.ExpenseManagerApiApplicationTests
10:49:30.285 [Test worker] DEBUG org.springframework.boot.test.context.SpringBootTestContextBootstrapper - @TestExecutionListeners is not present for class [com.expenseManager.ExpenseManagerAPI.ExpenseManagerApiApplicationTests]: using defaults.
10:49:30.286 [Test worker] INFO org.springframework.boot.test.context.SpringBootTestContextBootstrapper - Loaded default TestExecutionListener class names from location [META-INF/spring.factories]: [org.springframework.boot.test.autoconfigure.restdocs.RestDocsTestExecutionListener, org.springframework.boot.test.autoconfigure.web.client.MockRestServiceServerResetTestExecutionListener, org.springframework.boot.test.autoconfigure.web.servlet.MockMvcPrintOnlyOnFailureTestExecutionListener, org.springframework.boot.test.autoconfigure.web.servlet.WebDriverTestExecutionListener, org.springframework.boot.test.mock.mockito.MockitoTestExecutionListener, org.springframework.boot.test.mock.mockito.ResetMocksTestExecutionListener, org.springframework.test.context.web.ServletTestExecutionListener, org.springframework.test.context.support.DirtiesContextBeforeModesTestExecutionListener, org.springframework.test.context.support.DependencyInjectionTestExecutionListener, org.springframework.test.context.support.DirtiesContextTestExecutionListener, org.springframework.test.context.transaction.TransactionalTestExecutionListener, org.springframework.test.context.jdbc.SqlScriptsTestExecutionListener]
10:49:30.301 [Test worker] INFO org.springframework.boot.test.context.SpringBootTestContextBootstrapper - Using TestExecutionListeners: [org.springframework.test.context.web.ServletTestExecutionListener@d3dd2c3, org.springframework.test.context.support.DirtiesContextBeforeModesTestExecutionListener@6e1c0998, org.springframework.boot.test.mock.mockito.MockitoTestExecutionListener@29a11d71, org.springframework.boot.test.autoconfigure.SpringBootDependencyInjectionTestExecutionListener@7371947, org.springframework.test.context.support.DirtiesContextTestExecutionListener@647f68a8, org.springframework.test.context.transaction.TransactionalTestExecutionListener@6a21fd76, org.springframework.test.context.jdbc.SqlScriptsTestExecutionListener@4b4a2fd6, org.springframework.boot.test.autoconfigure.restdocs.RestDocsTestExecutionListener@7488fad9, org.springframework.boot.test.autoconfigure.web.client.MockRestServiceServerResetTestExecutionListener@6b2de6c8, org.springframework.boot.test.autoconfigure.web.servlet.MockMvcPrintOnlyOnFailureTestExecutionListener@e827c96, org.springframework.boot.test.autoconfigure.web.servlet.WebDriverTestExecutionListener@14acc60f, org.springframework.boot.test.mock.mockito.ResetMocksTestExecutionListener@27c1b871]
10:49:30.304 [Test worker] DEBUG org.springframework.test.annotation.ProfileValueUtils - Retrieved @ProfileValueSourceConfiguration [null] for test class [com.expenseManager.ExpenseManagerAPI.ExpenseManagerApiApplicationTests]
10:49:30.305 [Test worker] DEBUG org.springframework.test.annotation.ProfileValueUtils - Retrieved ProfileValueSource type [class org.springframework.test.annotation.SystemProfileValueSource] for class [com.expenseManager.ExpenseManagerAPI.ExpenseManagerApiApplicationTests]
10:49:30.306 [Test worker] DEBUG org.springframework.test.annotation.ProfileValueUtils - Retrieved @ProfileValueSourceConfiguration [null] for test class [com.expenseManager.ExpenseManagerAPI.ExpenseManagerApiApplicationTests]
10:49:30.306 [Test worker] DEBUG org.springframework.test.annotation.ProfileValueUtils - Retrieved ProfileValueSource type [class org.springframework.test.annotation.SystemProfileValueSource] for class [com.expenseManager.ExpenseManagerAPI.ExpenseManagerApiApplicationTests]
10:49:30.310 [Test worker] DEBUG org.springframework.test.context.support.AbstractDirtiesContextTestExecutionListener - Before test class: context [DefaultTestContext@1cd78e76 testClass = ExpenseManagerApiApplicationTests, testInstance = [null], testMethod = [null], testException = [null], mergedContextConfiguration = [WebMergedContextConfiguration@3fb8af7d testClass = ExpenseManagerApiApplicationTests, locations = '{}', classes = '{class com.expenseManager.ExpenseManagerAPI.ExpenseManagerApiApplication}', contextInitializerClasses = '[]', activeProfiles = '{}', propertySourceLocations = '{}', propertySourceProperties = '{org.springframework.boot.test.context.SpringBootTestContextBootstrapper=true}', contextCustomizers = set[org.springframework.boot.test.autoconfigure.properties.PropertyMappingContextCustomizer@0, org.springframework.boot.test.autoconfigure.web.servlet.WebDriverContextCustomizerFactory$Customizer@6f8069e5, org.springframework.boot.test.context.filter.ExcludeFilterContextCustomizer@3144c91a, org.springframework.boot.test.json.DuplicateJsonObjectContextCustomizerFactory$DuplicateJsonObjectContextCustomizer@76e20ad6, org.springframework.boot.test.mock.mockito.MockitoContextCustomizer@0, org.springframework.boot.test.web.client.TestRestTemplateContextCustomizer@77ef5d59], resourceBasePath = 'src/main/webapp', contextLoader = 'org.springframework.boot.test.context.SpringBootContextLoader', parent = [null]], attributes = map['org.springframework.test.context.web.ServletTestExecutionListener.activateListener' -> true]], class annotated with @DirtiesContext [false] with mode [null].
10:49:30.310 [Test worker] DEBUG org.springframework.test.annotation.ProfileValueUtils - Retrieved @ProfileValueSourceConfiguration [null] for test class [com.expenseManager.ExpenseManagerAPI.ExpenseManagerApiApplicationTests]
10:49:30.310 [Test worker] DEBUG org.springframework.test.annotation.ProfileValueUtils - Retrieved ProfileValueSource type [class org.springframework.test.annotation.SystemProfileValueSource] for class [com.expenseManager.ExpenseManagerAPI.ExpenseManagerApiApplicationTests]
10:49:30.325 [Test worker] DEBUG org.springframework.test.context.support.TestPropertySourceUtils - Adding inlined properties to environment: {spring.jmx.enabled=false, org.springframework.boot.test.context.SpringBootTestContextBootstrapper=true, server.port=-1}

  .   ____          _            __ _ _
 /\\ / ___'_ __ _ _(_)_ __  __ _ \ \ \ \
( ( )\___ | '_ | '_| | '_ \/ _` | \ \ \ \
 \\/  ___)| |_)| | | | | || (_| |  ) ) ) )
  '  |____| .__|_| |_|_| |_\__, | / / / /
 =========|_|==============|___/=/_/_/_/
 :: Spring Boot ::        (v2.1.6.RELEASE)

2019-07-18 10:49:30.524  INFO 11900 --- [    Test worker] c.e.E.ExpenseManagerApiApplicationTests  : Starting ExpenseManagerApiApplicationTests on sureshs-mbp.sst.local with PID 11900 (started by suresh in /Users/suresh/GitHub/ExpenseManagerAPI)
2019-07-18 10:49:30.525  INFO 11900 --- [    Test worker] c.e.E.ExpenseManagerApiApplicationTests  : No active profile set, falling back to default profiles: default
2019-07-18 10:49:31.015  INFO 11900 --- [    Test worker] .s.d.r.c.RepositoryConfigurationDelegate : Bootstrapping Spring Data repositories in DEFAULT mode.
2019-07-18 10:49:31.071  INFO 11900 --- [    Test worker] .s.d.r.c.RepositoryConfigurationDelegate : Finished Spring Data repository scanning in 51ms. Found 1 repository interfaces.
2019-07-18 10:49:31.621  INFO 11900 --- [    Test worker] org.mongodb.driver.cluster               : Cluster created with settings {hosts=[localhost:27017], mode=SINGLE, requiredClusterType=UNKNOWN, serverSelectionTimeout='30000 ms', maxWaitQueueSize=500}
2019-07-18 10:49:31.762  INFO 11900 --- [localhost:27017] org.mongodb.driver.connection            : Opened connection [connectionId{localValue:1, serverValue:1}] to localhost:27017
2019-07-18 10:49:31.767  INFO 11900 --- [localhost:27017] org.mongodb.driver.cluster               : Monitor thread successfully connected to server with description ServerDescription{address=localhost:27017, type=STANDALONE, state=CONNECTED, ok=true, version=ServerVersion{versionList=[4, 0, 10]}, minWireVersion=0, maxWireVersion=7, maxDocumentSize=16777216, logicalSessionTimeoutMinutes=30, roundTripTimeNanos=3850985}
2019-07-18 10:49:32.500  INFO 11900 --- [    Test worker] o.s.s.concurrent.ThreadPoolTaskExecutor  : Initializing ExecutorService 'applicationTaskExecutor'
2019-07-18 10:49:32.743  INFO 11900 --- [    Test worker] c.e.E.ExpenseManagerApiApplicationTests  : Started ExpenseManagerApiApplicationTests in 2.408 seconds (JVM running for 3.601)
]]></system-out>
  <system-err><![CDATA[]]></system-err>
</testsuite>
